<?xml version="1.0" encoding="UTF-8"?>
<!-- Generated by org.testng.reporters.JUnitReportReporter -->
<testsuite skipped="0" hostname="DESKTOP-UOB52F4" name="FarmRiseAndroid.OnboardScreen" tests="1" failures="0" timestamp="02 Jun 2019 20:10:29 GMT" time="54.536" errors="0">
  <testcase name="onBoard" time="54.536" classname="FarmRiseAndroid.OnboardScreen"/>
</testsuite> <!-- FarmRiseAndroid.OnboardScreen -->
