<?xml version="1.0" encoding="UTF-8"?>
<!-- Generated by org.testng.reporters.JUnitReportReporter -->
<testsuite skipped="0" hostname="DESKTOP-UOB52F4" name="FarmRiseAndroid.WeatherSchemes" tests="2" failures="0" timestamp="02 Jun 2019 17:58:14 GMT" time="17.762" errors="0">
  <testcase name="aweatherDetails" time="8.298" classname="FarmRiseAndroid.WeatherSchemes"/>
  <testcase name="verifyTimings" time="9.464" classname="FarmRiseAndroid.WeatherSchemes"/>
</testsuite> <!-- FarmRiseAndroid.WeatherSchemes -->
